[2026-04-19 16:58:37] ===== BAT DAU BACKUP =====
tar: Removing leading `/' from member names
[2026-04-19 16:58:38] Tao backup thanh cong: backup_2026-04-19_16-58-37.tar.gz (4.0K)
[2026-04-19 16:58:44] Upload Google Drive thanh cong
[2026-04-19 16:58:45] Da xoa backup cu hon 7 ngay
[2026-04-19 16:58:45] ===== KET THUC BACKUP =====
[2026-04-19 17:21:44] ===== BAT DAU BACKUP =====
tar: Removing leading `/' from member names
[2026-04-19 17:21:45] Tao backup thanh cong: backup_2026-04-19_17-21-44.tar.gz (4.0K)
2026/04/19 17:21:45 NOTICE: Config file "/root/.config/rclone/rclone.conf" not found - using defaults
2026/04/19 17:21:45 CRITICAL: Failed to create file system for "gdrive:ServerBackup": didn't find section in config file ("gdrive")
[2026-04-19 17:21:45] Upload Google Drive that bai
[2026-04-19 17:21:47] Da xoa backup cu hon 7 ngay
[2026-04-19 17:21:47] ===== KET THUC BACKUP =====
[2026-04-19 17:26:22] ===== BAT DAU BACKUP =====
tar: Removing leading `/' from member names
[2026-04-19 17:26:24] Tao backup thanh cong: backup_2026-04-19_17-26-22.tar.gz (4.0K)
[2026-04-19 17:26:29] Upload Google Drive thanh cong
[2026-04-19 17:26:30] Da xoa backup cu hon 7 ngay
[2026-04-19 17:26:30] ===== KET THUC BACKUP =====
